Flow report for ddl_ctrlr
Wed Apr 09 11:38:09 2014
Quartus II 64-Bit Version 12.0 Build 178 05/31/2012 SJ Full Version


---------------------
; Table of Contents ;
---------------------
  1. Legal Notice
  2. Flow Summary
  3. Flow Settings
  4. Flow Non-Default Global Settings
  5. Flow Elapsed Time
  6. Flow OS Summary
  7. Flow Log



----------------
; Legal Notice ;
----------------
Copyright (C) 1991-2012 Altera Corporation
Your use of Altera Corporation's design tools, logic functions 
and other software and tools, and its AMPP partner logic 
functions, and any output files from any of the foregoing 
(including device programming or simulation files), and any 
associated documentation or information are expressly subject 
to the terms and conditions of the Altera Program License 
Subscription Agreement, Altera MegaCore Function License 
Agreement, or other applicable license agreement, including, 
without limitation, that your use is for the sole purpose of 
programming logic devices manufactured by Altera and sold by 
Altera or its authorized distributors.  Please refer to the 
applicable agreement for further details.



+---------------------------------------------------------------------------+
; Flow Summary                                                              ;
+-------------------------------+-------------------------------------------+
; Flow Status                   ; Successful - Thu Mar 27 16:32:18 2014     ;
; Quartus II 64-Bit Version     ; 12.0 Build 178 05/31/2012 SJ Full Version ;
; Revision Name                 ; ddl_ctrlr                                 ;
; Top-level Entity Name         ; ddl_ctrlr                                 ;
; Family                        ; Stratix II                                ;
; Device                        ; EP2S15F484C5                              ;
; Timing Models                 ; Final                                     ;
; Logic utilization             ; 9 %                                       ;
;     Combinational ALUTs       ; 940 / 12,480 ( 8 % )                      ;
;     Dedicated logic registers ; 706 / 12,480 ( 6 % )                      ;
; Total registers               ; 706                                       ;
; Total pins                    ; 144 / 343 ( 42 % )                        ;
; Total virtual pins            ; 0                                         ;
; Total block memory bits       ; 32,768 / 419,328 ( 8 % )                  ;
; DSP block 9-bit elements      ; 0 / 96 ( 0 % )                            ;
; Total PLLs                    ; 1 / 6 ( 17 % )                            ;
; Total DLLs                    ; 0 / 2 ( 0 % )                             ;
+-------------------------------+-------------------------------------------+


+-----------------------------------------+
; Flow Settings                           ;
+-------------------+---------------------+
; Option            ; Setting             ;
+-------------------+---------------------+
; Start date & time ; 03/27/2014 16:31:05 ;
; Main task         ; Compilation         ;
; Revision Name     ; ddl_ctrlr           ;
+-------------------+---------------------+


+-------------------------------------------------------------------------------------------------------------------------------------------------------+
; Flow Non-Default Global Settings                                                                                                                      ;
+---------------------------------------------------+---------------------------------------+--------------------------------+-------------+------------+
; Assignment Name                                   ; Value                                 ; Default Value                  ; Entity Name ; Section Id ;
+---------------------------------------------------+---------------------------------------+--------------------------------+-------------+------------+
; ADV_NETLIST_OPT_SYNTH_GATE_RETIME                 ; On                                    ; Off                            ; --          ; --         ;
; ADV_NETLIST_OPT_SYNTH_WYSIWYG_REMAP               ; On                                    ; Off                            ; --          ; --         ;
; AUTO_ENABLE_SMART_COMPILE                         ; On                                    ; --                             ; --          ; --         ;
; COMPILER_SIGNATURE_ID                             ; 147329319576.139593426401308          ; --                             ; --          ; --         ;
; ENABLE_ADVANCED_IO_TIMING                         ; Off                                   ; --                             ; --          ; --         ;
; ENABLE_SIGNALTAP                                  ; Off                                   ; --                             ; --          ; --         ;
; FMAX_REQUIREMENT                                  ; 50 MHz                                ; --                             ; --          ; --         ;
; MAX_CORE_JUNCTION_TEMP                            ; 85                                    ; --                             ; --          ; --         ;
; MIN_CORE_JUNCTION_TEMP                            ; 0                                     ; --                             ; --          ; --         ;
; OPTIMIZE_HOLD_TIMING                              ; All Paths                             ; IO Paths and Minimum TPD Paths ; --          ; --         ;
; OPTIMIZE_POWER_DURING_FITTING                     ; Extra effort                          ; Normal compilation             ; --          ; --         ;
; PARTITION_COLOR                                   ; 16764057                              ; --                             ; --          ; Top        ;
; PARTITION_FITTER_PRESERVATION_LEVEL               ; PLACEMENT_AND_ROUTING                 ; --                             ; --          ; Top        ;
; PARTITION_NETLIST_TYPE                            ; SOURCE                                ; --                             ; --          ; Top        ;
; PHYSICAL_SYNTHESIS_ASYNCHRONOUS_SIGNAL_PIPELINING ; On                                    ; Off                            ; --          ; --         ;
; PHYSICAL_SYNTHESIS_COMBO_LOGIC                    ; On                                    ; Off                            ; --          ; --         ;
; PHYSICAL_SYNTHESIS_EFFORT                         ; Extra                                 ; Normal                         ; --          ; --         ;
; PHYSICAL_SYNTHESIS_REGISTER_DUPLICATION           ; On                                    ; Off                            ; --          ; --         ;
; PHYSICAL_SYNTHESIS_REGISTER_RETIMING              ; On                                    ; Off                            ; --          ; --         ;
; PLACEMENT_EFFORT_MULTIPLIER                       ; 1.5                                   ; 1.0                            ; --          ; --         ;
; POWER_BOARD_THERMAL_MODEL                         ; None (CONSERVATIVE)                   ; --                             ; --          ; --         ;
; POWER_PRESET_COOLING_SOLUTION                     ; 23 MM HEAT SINK WITH 200 LFPM AIRFLOW ; --                             ; --          ; --         ;
; ROUTER_EFFORT_MULTIPLIER                          ; 1.5                                   ; 1.0                            ; --          ; --         ;
; ROUTER_TIMING_OPTIMIZATION_LEVEL                  ; MAXIMUM                               ; Normal                         ; --          ; --         ;
; SMART_RECOMPILE                                   ; On                                    ; Off                            ; --          ; --         ;
; STRATIXII_OPTIMIZATION_TECHNIQUE                  ; Speed                                 ; Balanced                       ; --          ; --         ;
; TSU_REQUIREMENT                                   ; 3 ns                                  ; --                             ; --          ; --         ;
; USE_SIGNALTAP_FILE                                ; stp1.stp                              ; --                             ; --          ; --         ;
+---------------------------------------------------+---------------------------------------+--------------------------------+-------------+------------+


+-------------------------------------------------------------------------------------------------------------------------------+
; Flow Elapsed Time                                                                                                             ;
+---------------------------+--------------+-------------------------+---------------------+------------------------------------+
; Module Name               ; Elapsed Time ; Average Processors Used ; Peak Virtual Memory ; Total CPU Time (on all processors) ;
+---------------------------+--------------+-------------------------+---------------------+------------------------------------+
; Analysis & Synthesis      ; 00:00:20     ; 1.0                     ; 500 MB              ; 00:00:08                           ;
; Fitter                    ; 00:00:36     ; 1.3                     ; 697 MB              ; 00:00:31                           ;
; Assembler                 ; 00:00:07     ; 1.0                     ; 407 MB              ; 00:00:02                           ;
; TimeQuest Timing Analyzer ; 00:00:12     ; 1.3                     ; 430 MB              ; 00:00:03                           ;
; TimeQuest Timing Analyzer ; 00:00:08     ; 1.0                     ; 430 MB              ; 00:00:02                           ;
; Total                     ; 00:01:23     ; --                      ; --                  ; 00:00:46                           ;
+---------------------------+--------------+-------------------------+---------------------+------------------------------------+


+----------------------------------------------------------------------------------------+
; Flow OS Summary                                                                        ;
+---------------------------+------------------+-----------+------------+----------------+
; Module Name               ; Machine Hostname ; OS Name   ; OS Version ; Processor type ;
+---------------------------+------------------+-----------+------------+----------------+
; Analysis & Synthesis      ; HMPIDFE1         ; Windows 7 ; 6.1        ; x86_64         ;
; Fitter                    ; HMPIDFE1         ; Windows 7 ; 6.1        ; x86_64         ;
; Assembler                 ; HMPIDFE1         ; Windows 7 ; 6.1        ; x86_64         ;
; TimeQuest Timing Analyzer ; HMPIDFE1         ; Windows 7 ; 6.1        ; x86_64         ;
; TimeQuest Timing Analyzer ; HMPIDFE1         ; Windows 7 ; 6.1        ; x86_64         ;
+---------------------------+------------------+-----------+------------+----------------+


------------
; Flow Log ;
------------
quartus_map --read_settings_files=on --write_settings_files=off rcb_ctrlr -c ddl_ctrlr
quartus_fit --read_settings_files=off --write_settings_files=off rcb_ctrlr -c ddl_ctrlr
quartus_asm --read_settings_files=off --write_settings_files=off rcb_ctrlr -c ddl_ctrlr
quartus_sta rcb_ctrlr -c ddl_ctrlr
quartus_sta rcb_ctrlr -c ddl_ctrlr



